[2017-02-04 01:24:08] local.ERROR: PDOException: SQLSTATE[HY000] [1045] Access denied for user 'homestead'@'localhost' (using password: YES) in D:\xampp\htdocs\SOEN341\SOEN341\vendor\laravel\framework\src\Illuminate\Database\Connectors\Connector.php:68
Stack trace:
#0 D:\xampp\htdocs\SOEN341\SOEN341\vendor\laravel\framework\src\Illuminate\Database\Connectors\Connector.php(68): PDO->__construct('mysql:host=127....', 'homestead', 'secret', Array)
#1 D:\xampp\htdocs\SOEN341\SOEN341\vendor\laravel\framework\src\Illuminate\Database\Connectors\Connector.php(43): Illuminate\Database\Connectors\Connector->createPdoConnection('mysql:host=127....', 'homestead', 'secret', Array)
#2 D:\xampp\htdocs\SOEN341\SOEN341\vendor\laravel\framework\src\Illuminate\Database\Connectors\MySqlConnector.php(24): Illuminate\Database\Connectors\Connector->createConnection('mysql:host=127....', Array, Array)
#3 D:\xampp\htdocs\SOEN341\SOEN341\vendor\laravel\framework\src\Illuminate\Database\Connectors\ConnectionFactory.php(183): Illuminate\Database\Connectors\MySqlConnector->connect(Array)
#4 [internal function]: Illuminate\Database\Connectors\ConnectionFactory->Illuminate\Database\Connectors\{closure}()
#5 D:\xampp\htdocs\SOEN341\SOEN341\vendor\laravel\framework\src\Illuminate\Database\Connection.php(882): call_user_func(Object(Closure))
#6 D:\xampp\htdocs\SOEN341\SOEN341\vendor\laravel\framework\src\Illuminate\Database\Connection.php(903): Illuminate\Database\Connection->getPdo()
#7 D:\xampp\htdocs\SOEN341\SOEN341\vendor\laravel\framework\src\Illuminate\Database\Connection.php(392): Illuminate\Database\Connection->getReadPdo()
#8 D:\xampp\htdocs\SOEN341\SOEN341\vendor\laravel\framework\src\Illuminate\Database\Connection.php(318): Illuminate\Database\Connection->getPdoForSelect(true)
#9 D:\xampp\htdocs\SOEN341\SOEN341\vendor\laravel\framework\src\Illuminate\Database\Connection.php(640): Illuminate\Database\Connection->Illuminate\Database\{closure}('select * from `...', Array)
#10 D:\xampp\htdocs\SOEN341\SOEN341\vendor\laravel\framework\src\Illuminate\Database\Connection.php(607): Illuminate\Database\Connection->runQueryCallback('select * from `...', Array, Object(Closure))
#11 D:\xampp\htdocs\SOEN341\SOEN341\vendor\laravel\framework\src\Illuminate\Database\Connection.php(326): Illuminate\Database\Connection->run('select * from `...', Array, Object(Closure))
#12 D:\xampp\htdocs\SOEN341\SOEN341\vendor\laravel\framework\src\Illuminate\Database\Query\Builder.php(1718): Illuminate\Database\Connection->select('select * from `...', Array, true)
#13 D:\xampp\htdocs\SOEN341\SOEN341\vendor\laravel\framework\src\Illuminate\Database\Query\Builder.php(1703): Illuminate\Database\Query\Builder->runSelect()
#14 D:\xampp\htdocs\SOEN341\SOEN341\vendor\laravel\framework\src\Illuminate\Database\Eloquent\Builder.php(485): Illuminate\Database\Query\Builder->get(Array)
#15 D:\xampp\htdocs\SOEN341\SOEN341\vendor\laravel\framework\src\Illuminate\Database\Eloquent\Builder.php(469): Illuminate\Database\Eloquent\Builder->getModels(Array)
#16 D:\xampp\htdocs\SOEN341\SOEN341\vendor\laravel\framework\src\Illuminate\Database\Eloquent\Builder.php(401): Illuminate\Database\Eloquent\Builder->get(Array)
#17 D:\xampp\htdocs\SOEN341\SOEN341\vendor\laravel\framework\src\Illuminate\Auth\EloquentUserProvider.php(110): Illuminate\Database\Eloquent\Builder->first()
#18 D:\xampp\htdocs\SOEN341\SOEN341\vendor\laravel\framework\src\Illuminate\Auth\Passwords\PasswordBroker.php(190): Illuminate\Auth\EloquentUserProvider->retrieveByCredentials(Array)
#19 D:\xampp\htdocs\SOEN341\SOEN341\vendor\laravel\framework\src\Illuminate\Auth\Passwords\PasswordBroker.php(60): Illuminate\Auth\Passwords\PasswordBroker->getUser(Array)
#20 D:\xampp\htdocs\SOEN341\SOEN341\vendor\laravel\framework\src\Illuminate\Foundation\Auth\SendsPasswordResetEmails.php(34): Illuminate\Auth\Passwords\PasswordBroker->sendResetLink(Array)
#21 [internal function]: App\Http\Controllers\Auth\ForgotPasswordController->sendResetLinkEmail(Object(Illuminate\Http\Request))
#22 D:\xampp\htdocs\SOEN341\SOEN341\vendor\laravel\framework\src\Illuminate\Routing\Controller.php(55): call_user_func_array(Array, Array)
#23 D:\xampp\htdocs\SOEN341\SOEN341\vendor\laravel\framework\src\Illuminate\Routing\ControllerDispatcher.php(44): Illuminate\Routing\Controller->callAction('sendResetLinkEm...', Array)
#24 D:\xampp\htdocs\SOEN341\SOEN341\vendor\laravel\framework\src\Illuminate\Routing\Route.php(203): Illuminate\Routing\ControllerDispatcher->dispatch(Object(Illuminate\Routing\Route), Object(App\Http\Controllers\Auth\ForgotPasswordController), 'sendResetLinkEm...')
#25 D:\xampp\htdocs\SOEN341\SOEN341\vendor\laravel\framework\src\Illuminate\Routing\Route.php(160): Illuminate\Routing\Route->runController()
#26 D:\xampp\htdocs\SOEN341\SOEN341\vendor\laravel\framework\src\Illuminate\Routing\Router.php(559): Illuminate\Routing\Route->run()
#27 D:\xampp\htdocs\SOEN341\SOEN341\vendor\laravel\framework\src\Illuminate\Routing\Pipeline.php(30): Illuminate\Routing\Router->Illuminate\Routing\{closure}(Object(Illuminate\Http\Request))
#28 D:\xampp\htdocs\SOEN341\SOEN341\app\Http\Middleware\RedirectIfAuthenticated.php(24): Illuminate\Routing\Pipeline->Illuminate\Routing\{closure}(Object(Illuminate\Http\Request))
#29 D:\xampp\htdocs\SOEN341\SOEN341\vendor\laravel\framework\src\Illuminate\Pipeline\Pipeline.php(148): App\Http\Middleware\RedirectIfAuthenticated->handle(Object(Illuminate\Http\Request), Object(Closure))
#30 D:\xampp\htdocs\SOEN341\SOEN341\vendor\laravel\framework\src\Illuminate\Routing\Pipeline.php(53): Illuminate\Pipeline\Pipeline->Illuminate\Pipeline\{closure}(Object(Illuminate\Http\Request))
#31 D:\xampp\htdocs\SOEN341\SOEN341\vendor\laravel\framework\src\Illuminate\Routing\Middleware\SubstituteBindings.php(41): Illuminate\Routing\Pipeline->Illuminate\Routing\{closure}(Object(Illuminate\Http\Request))
#32 D:\xampp\htdocs\SOEN341\SOEN341\vendor\laravel\framework\src\Illuminate\Pipeline\Pipeline.php(148): Illuminate\Routing\Middleware\SubstituteBindings->handle(Object(Illuminate\Http\Request), Object(Closure))
#33 D:\xampp\htdocs\SOEN341\SOEN341\vendor\laravel\framework\src\Illuminate\Routing\Pipeline.php(53): Illuminate\Pipeline\Pipeline->Illuminate\Pipeline\{closure}(Object(Illuminate\Http\Request))
#34 D:\xampp\htdocs\SOEN341\SOEN341\vendor\laravel\framework\src\Illuminate\Foundation\Http\Middleware\VerifyCsrfToken.php(65): Illuminate\Routing\Pipeline->Illuminate\Routing\{closure}(Object(Illuminate\Http\Request))
#35 D:\xampp\htdocs\SOEN341\SOEN341\vendor\laravel\framework\src\Illuminate\Pipeline\Pipeline.php(148): Illuminate\Foundation\Http\Middleware\VerifyCsrfToken->handle(Object(Illuminate\Http\Request), Object(Closure))
#36 D:\xampp\htdocs\SOEN341\SOEN341\vendor\laravel\framework\src\Illuminate\Routing\Pipeline.php(53): Illuminate\Pipeline\Pipeline->Illuminate\Pipeline\{closure}(Object(Illuminate\Http\Request))
#37 D:\xampp\htdocs\SOEN341\SOEN341\vendor\laravel\framework\src\Illuminate\View\Middleware\ShareErrorsFromSession.php(49): Illuminate\Routing\Pipeline->Illuminate\Routing\{closure}(Object(Illuminate\Http\Request))
#38 D:\xampp\htdocs\SOEN341\SOEN341\vendor\laravel\framework\src\Illuminate\Pipeline\Pipeline.php(148): Illuminate\View\Middleware\ShareErrorsFromSession->handle(Object(Illuminate\Http\Request), Object(Closure))
#39 D:\xampp\htdocs\SOEN341\SOEN341\vendor\laravel\framework\src\Illuminate\Routing\Pipeline.php(53): Illuminate\Pipeline\Pipeline->Illuminate\Pipeline\{closure}(Object(Illuminate\Http\Request))
#40 D:\xampp\htdocs\SOEN341\SOEN341\vendor\laravel\framework\src\Illuminate\Session\Middleware\StartSession.php(64): Illuminate\Routing\Pipeline->Illuminate\Routing\{closure}(Object(Illuminate\Http\Request))
#41 D:\xampp\htdocs\SOEN341\SOEN341\vendor\laravel\framework\src\Illuminate\Pipeline\Pipeline.php(148): Illuminate\Session\Middleware\StartSession->handle(Object(Illuminate\Http\Request), Object(Closure))
#42 D:\xampp\htdocs\SOEN341\SOEN341\vendor\laravel\framework\src\Illuminate\Routing\Pipeline.php(53): Illuminate\Pipeline\Pipeline->Illuminate\Pipeline\{closure}(Object(Illuminate\Http\Request))
#43 D:\xampp\htdocs\SOEN341\SOEN341\vendor\laravel\framework\src\Illuminate\Cookie\Middleware\AddQueuedCookiesToResponse.php(37): Illuminate\Routing\Pipeline->Illuminate\Routing\{closure}(Object(Illuminate\Http\Request))
#44 D:\xampp\htdocs\SOEN341\SOEN341\vendor\laravel\framework\src\Illuminate\Pipeline\Pipeline.php(148): Illuminate\Cookie\Middleware\AddQueuedCookiesToResponse->handle(Object(Illuminate\Http\Request), Object(Closure))
#45 D:\xampp\htdocs\SOEN341\SOEN341\vendor\laravel\framework\src\Illuminate\Routing\Pipeline.php(53): Illuminate\Pipeline\Pipeline->Illuminate\Pipeline\{closure}(Object(Illuminate\Http\Request))
#46 D:\xampp\htdocs\SOEN341\SOEN341\vendor\laravel\framework\src\Illuminate\Cookie\Middleware\EncryptCookies.php(59): Illuminate\Routing\Pipeline->Illuminate\Routing\{closure}(Object(Illuminate\Http\Request))
#47 D:\xampp\htdocs\SOEN341\SOEN341\vendor\laravel\framework\src\Illuminate\Pipeline\Pipeline.php(148): Illuminate\Cookie\Middleware\EncryptCookies->handle(Object(Illuminate\Http\Request), Object(Closure))
#48 D:\xampp\htdocs\SOEN341\SOEN341\vendor\laravel\framework\src\Illuminate\Routing\Pipeline.php(53): Illuminate\Pipeline\Pipeline->Illuminate\Pipeline\{closure}(Object(Illuminate\Http\Request))
#49 D:\xampp\htdocs\SOEN341\SOEN341\vendor\laravel\framework\src\Illuminate\Pipeline\Pipeline.php(102): Illuminate\Routing\Pipeline->Illuminate\Routing\{closure}(Object(Illuminate\Http\Request))
#50 D:\xampp\htdocs\SOEN341\SOEN341\vendor\laravel\framework\src\Illuminate\Routing\Router.php(561): Illuminate\Pipeline\Pipeline->then(Object(Closure))
#51 D:\xampp\htdocs\SOEN341\SOEN341\vendor\laravel\framework\src\Illuminate\Routing\Router.php(520): Illuminate\Routing\Router->runRouteWithinStack(Object(Illuminate\Routing\Route), Object(Illuminate\Http\Request))
#52 D:\xampp\htdocs\SOEN341\SOEN341\vendor\laravel\framework\src\Illuminate\Routing\Router.php(498): Illuminate\Routing\Router->dispatchToRoute(Object(Illuminate\Http\Request))
#53 D:\xampp\htdocs\SOEN341\SOEN341\vendor\laravel\framework\src\Illuminate\Foundation\Http\Kernel.php(174): Illuminate\Routing\Router->dispatch(Object(Illuminate\Http\Request))
#54 D:\xampp\htdocs\SOEN341\SOEN341\vendor\laravel\framework\src\Illuminate\Routing\Pipeline.php(30): Illuminate\Foundation\Http\Kernel->Illuminate\Foundation\Http\{closure}(Object(Illuminate\Http\Request))
#55 D:\xampp\htdocs\SOEN341\SOEN341\vendor\laravel\framework\src\Illuminate\Foundation\Http\Middleware\TransformsRequest.php(30): Illuminate\Routing\Pipeline->Illuminate\Routing\{closure}(Object(Illuminate\Http\Request))
#56 D:\xampp\htdocs\SOEN341\SOEN341\vendor\laravel\framework\src\Illuminate\Pipeline\Pipeline.php(148): Illuminate\Foundation\Http\Middleware\TransformsRequest->handle(Object(Illuminate\Http\Request), Object(Closure))
#57 D:\xampp\htdocs\SOEN341\SOEN341\vendor\laravel\framework\src\Illuminate\Routing\Pipeline.php(53): Illuminate\Pipeline\Pipeline->Illuminate\Pipeline\{closure}(Object(Illuminate\Http\Request))
#58 D:\xampp\htdocs\SOEN341\SOEN341\vendor\laravel\framework\src\Illuminate\Foundation\Http\Middleware\TransformsRequest.php(30): Illuminate\Routing\Pipeline->Illuminate\Routing\{closure}(Object(Illuminate\Http\Request))
#59 D:\xampp\htdocs\SOEN341\SOEN341\vendor\laravel\framework\src\Illuminate\Pipeline\Pipeline.php(148): Illuminate\Foundation\Http\Middleware\TransformsRequest->handle(Object(Illuminate\Http\Request), Object(Closure))
#60 D:\xampp\htdocs\SOEN341\SOEN341\vendor\laravel\framework\src\Illuminate\Routing\Pipeline.php(53): Illuminate\Pipeline\Pipeline->Illuminate\Pipeline\{closure}(Object(Illuminate\Http\Request))
#61 D:\xampp\htdocs\SOEN341\SOEN341\vendor\laravel\framework\src\Illuminate\Foundation\Http\Middleware\ValidatePostSize.php(27): Illuminate\Routing\Pipeline->Illuminate\Routing\{closure}(Object(Illuminate\Http\Request))
#62 D:\xampp\htdocs\SOEN341\SOEN341\vendor\laravel\framework\src\Illuminate\Pipeline\Pipeline.php(148): Illuminate\Foundation\Http\Middleware\ValidatePostSize->handle(Object(Illuminate\Http\Request), Object(Closure))
#63 D:\xampp\htdocs\SOEN341\SOEN341\vendor\laravel\framework\src\Illuminate\Routing\Pipeline.php(53): Illuminate\Pipeline\Pipeline->Illuminate\Pipeline\{closure}(Object(Illuminate\Http\Request))
#64 D:\xampp\htdocs\SOEN341\SOEN341\vendor\laravel\framework\src\Illuminate\Foundation\Http\Middleware\CheckForMaintenanceMode.php(46): Illuminate\Routing\Pipeline->Illuminate\Routing\{closure}(Object(Illuminate\Http\Request))
#65 D:\xampp\htdocs\SOEN341\SOEN341\vendor\laravel\framework\src\Illuminate\Pipeline\Pipeline.php(148): Illuminate\Foundation\Http\Middleware\CheckForMaintenanceMode->handle(Object(Illuminate\Http\Request), Object(Closure))
#66 D:\xampp\htdocs\SOEN341\SOEN341\vendor\laravel\framework\src\Illuminate\Routing\Pipeline.php(53): Illuminate\Pipeline\Pipeline->Illuminate\Pipeline\{closure}(Object(Illuminate\Http\Request))
#67 D:\xampp\htdocs\SOEN341\SOEN341\vendor\laravel\framework\src\Illuminate\Pipeline\Pipeline.php(102): Illuminate\Routing\Pipeline->Illuminate\Routing\{closure}(Object(Illuminate\Http\Request))
#68 D:\xampp\htdocs\SOEN341\SOEN341\vendor\laravel\framework\src\Illuminate\Foundation\Http\Kernel.php(149): Illuminate\Pipeline\Pipeline->then(Object(Closure))
#69 D:\xampp\htdocs\SOEN341\SOEN341\vendor\laravel\framework\src\Illuminate\Foundation\Http\Kernel.php(116): Illuminate\Foundation\Http\Kernel->sendRequestThroughRouter(Object(Illuminate\Http\Request))
#70 D:\xampp\htdocs\SOEN341\SOEN341\public\index.php(53): Illuminate\Foundation\Http\Kernel->handle(Object(Illuminate\Http\Request))
#71 D:\xampp\htdocs\SOEN341\SOEN341\server.php(21): require_once('D:\\xampp\\htdocs...')
#72 {main}  
[2017-02-04 01:24:08] local.ERROR: PDOException: SQLSTATE[HY000] [1045] Access denied for user 'homestead'@'localhost' (using password: YES) in D:\xampp\htdocs\SOEN341\SOEN341\vendor\laravel\framework\src\Illuminate\Database\Connectors\Connector.php:68
Stack trace:
#0 D:\xampp\htdocs\SOEN341\SOEN341\vendor\laravel\framework\src\Illuminate\Database\Connectors\Connector.php(68): PDO->__construct('mysql:host=127....', 'homestead', 'secret', Array)
#1 D:\xampp\htdocs\SOEN341\SOEN341\vendor\laravel\framework\src\Illuminate\Database\Connectors\Connector.php(43): Illuminate\Database\Connectors\Connector->createPdoConnection('mysql:host=127....', 'homestead', 'secret', Array)
#2 D:\xampp\htdocs\SOEN341\SOEN341\vendor\laravel\framework\src\Illuminate\Database\Connectors\MySqlConnector.php(24): Illuminate\Database\Connectors\Connector->createConnection('mysql:host=127....', Array, Array)
#3 D:\xampp\htdocs\SOEN341\SOEN341\vendor\laravel\framework\src\Illuminate\Database\Connectors\ConnectionFactory.php(183): Illuminate\Database\Connectors\MySqlConnector->connect(Array)
#4 [internal function]: Illuminate\Database\Connectors\ConnectionFactory->Illuminate\Database\Connectors\{closure}()
#5 D:\xampp\htdocs\SOEN341\SOEN341\vendor\laravel\framework\src\Illuminate\Database\Connection.php(882): call_user_func(Object(Closure))
#6 D:\xampp\htdocs\SOEN341\SOEN341\vendor\laravel\framework\src\Illuminate\Database\Connection.php(903): Illuminate\Database\Connection->getPdo()
#7 D:\xampp\htdocs\SOEN341\SOEN341\vendor\laravel\framework\src\Illuminate\Database\Connection.php(392): Illuminate\Database\Connection->getReadPdo()
#8 D:\xampp\htdocs\SOEN341\SOEN341\vendor\laravel\framework\src\Illuminate\Database\Connection.php(318): Illuminate\Database\Connection->getPdoForSelect(true)
#9 D:\xampp\htdocs\SOEN341\SOEN341\vendor\laravel\framework\src\Illuminate\Database\Connection.php(640): Illuminate\Database\Connection->Illuminate\Database\{closure}('select * from `...', Array)
#10 D:\xampp\htdocs\SOEN341\SOEN341\vendor\laravel\framework\src\Illuminate\Database\Connection.php(607): Illuminate\Database\Connection->runQueryCallback('select * from `...', Array, Object(Closure))
#11 D:\xampp\htdocs\SOEN341\SOEN341\vendor\laravel\framework\src\Illuminate\Database\Connection.php(326): Illuminate\Database\Connection->run('select * from `...', Array, Object(Closure))
#12 D:\xampp\htdocs\SOEN341\SOEN341\vendor\laravel\framework\src\Illuminate\Database\Query\Builder.php(1718): Illuminate\Database\Connection->select('select * from `...', Array, true)
#13 D:\xampp\htdocs\SOEN341\SOEN341\vendor\laravel\framework\src\Illuminate\Database\Query\Builder.php(1703): Illuminate\Database\Query\Builder->runSelect()
#14 D:\xampp\htdocs\SOEN341\SOEN341\vendor\laravel\framework\src\Illuminate\Database\Eloquent\Builder.php(485): Illuminate\Database\Query\Builder->get(Array)
#15 D:\xampp\htdocs\SOEN341\SOEN341\vendor\laravel\framework\src\Illuminate\Database\Eloquent\Builder.php(469): Illuminate\Database\Eloquent\Builder->getModels(Array)
#16 D:\xampp\htdocs\SOEN341\SOEN341\vendor\laravel\framework\src\Illuminate\Database\Eloquent\Builder.php(401): Illuminate\Database\Eloquent\Builder->get(Array)
#17 D:\xampp\htdocs\SOEN341\SOEN341\vendor\laravel\framework\src\Illuminate\Auth\EloquentUserProvider.php(110): Illuminate\Database\Eloquent\Builder->first()
#18 D:\xampp\htdocs\SOEN341\SOEN341\vendor\laravel\framework\src\Illuminate\Auth\Passwords\PasswordBroker.php(190): Illuminate\Auth\EloquentUserProvider->retrieveByCredentials(Array)
#19 D:\xampp\htdocs\SOEN341\SOEN341\vendor\laravel\framework\src\Illuminate\Auth\Passwords\PasswordBroker.php(60): Illuminate\Auth\Passwords\PasswordBroker->getUser(Array)
#20 D:\xampp\htdocs\SOEN341\SOEN341\vendor\laravel\framework\src\Illuminate\Foundation\Auth\SendsPasswordResetEmails.php(34): Illuminate\Auth\Passwords\PasswordBroker->sendResetLink(Array)
#21 [internal function]: App\Http\Controllers\Auth\ForgotPasswordController->sendResetLinkEmail(Object(Illuminate\Http\Request))
#22 D:\xampp\htdocs\SOEN341\SOEN341\vendor\laravel\framework\src\Illuminate\Routing\Controller.php(55): call_user_func_array(Array, Array)
#23 D:\xampp\htdocs\SOEN341\SOEN341\vendor\laravel\framework\src\Illuminate\Routing\ControllerDispatcher.php(44): Illuminate\Routing\Controller->callAction('sendResetLinkEm...', Array)
#24 D:\xampp\htdocs\SOEN341\SOEN341\vendor\laravel\framework\src\Illuminate\Routing\Route.php(203): Illuminate\Routing\ControllerDispatcher->dispatch(Object(Illuminate\Routing\Route), Object(App\Http\Controllers\Auth\ForgotPasswordController), 'sendResetLinkEm...')
#25 D:\xampp\htdocs\SOEN341\SOEN341\vendor\laravel\framework\src\Illuminate\Routing\Route.php(160): Illuminate\Routing\Route->runController()
#26 D:\xampp\htdocs\SOEN341\SOEN341\vendor\laravel\framework\src\Illuminate\Routing\Router.php(559): Illuminate\Routing\Route->run()
#27 D:\xampp\htdocs\SOEN341\SOEN341\vendor\laravel\framework\src\Illuminate\Routing\Pipeline.php(30): Illuminate\Routing\Router->Illuminate\Routing\{closure}(Object(Illuminate\Http\Request))
#28 D:\xampp\htdocs\SOEN341\SOEN341\app\Http\Middleware\RedirectIfAuthenticated.php(24): Illuminate\Routing\Pipeline->Illuminate\Routing\{closure}(Object(Illuminate\Http\Request))
#29 D:\xampp\htdocs\SOEN341\SOEN341\vendor\laravel\framework\src\Illuminate\Pipeline\Pipeline.php(148): App\Http\Middleware\RedirectIfAuthenticated->handle(Object(Illuminate\Http\Request), Object(Closure))
#30 D:\xampp\htdocs\SOEN341\SOEN341\vendor\laravel\framework\src\Illuminate\Routing\Pipeline.php(53): Illuminate\Pipeline\Pipeline->Illuminate\Pipeline\{closure}(Object(Illuminate\Http\Request))
#31 D:\xampp\htdocs\SOEN341\SOEN341\vendor\laravel\framework\src\Illuminate\Routing\Middleware\SubstituteBindings.php(41): Illuminate\Routing\Pipeline->Illuminate\Routing\{closure}(Object(Illuminate\Http\Request))
#32 D:\xampp\htdocs\SOEN341\SOEN341\vendor\laravel\framework\src\Illuminate\Pipeline\Pipeline.php(148): Illuminate\Routing\Middleware\SubstituteBindings->handle(Object(Illuminate\Http\Request), Object(Closure))
#33 D:\xampp\htdocs\SOEN341\SOEN341\vendor\laravel\framework\src\Illuminate\Routing\Pipeline.php(53): Illuminate\Pipeline\Pipeline->Illuminate\Pipeline\{closure}(Object(Illuminate\Http\Request))
#34 D:\xampp\htdocs\SOEN341\SOEN341\vendor\laravel\framework\src\Illuminate\Foundation\Http\Middleware\VerifyCsrfToken.php(65): Illuminate\Routing\Pipeline->Illuminate\Routing\{closure}(Object(Illuminate\Http\Request))
#35 D:\xampp\htdocs\SOEN341\SOEN341\vendor\laravel\framework\src\Illuminate\Pipeline\Pipeline.php(148): Illuminate\Foundation\Http\Middleware\VerifyCsrfToken->handle(Object(Illuminate\Http\Request), Object(Closure))
#36 D:\xampp\htdocs\SOEN341\SOEN341\vendor\laravel\framework\src\Illuminate\Routing\Pipeline.php(53): Illuminate\Pipeline\Pipeline->Illuminate\Pipeline\{closure}(Object(Illuminate\Http\Request))
#37 D:\xampp\htdocs\SOEN341\SOEN341\vendor\laravel\framework\src\Illuminate\View\Middleware\ShareErrorsFromSession.php(49): Illuminate\Routing\Pipeline->Illuminate\Routing\{closure}(Object(Illuminate\Http\Request))
#38 D:\xampp\htdocs\SOEN341\SOEN341\vendor\laravel\framework\src\Illuminate\Pipeline\Pipeline.php(148): Illuminate\View\Middleware\ShareErrorsFromSession->handle(Object(Illuminate\Http\Request), Object(Closure))
#39 D:\xampp\htdocs\SOEN341\SOEN341\vendor\laravel\framework\src\Illuminate\Routing\Pipeline.php(53): Illuminate\Pipeline\Pipeline->Illuminate\Pipeline\{closure}(Object(Illuminate\Http\Request))
#40 D:\xampp\htdocs\SOEN341\SOEN341\vendor\laravel\framework\src\Illuminate\Session\Middleware\StartSession.php(64): Illuminate\Routing\Pipeline->Illuminate\Routing\{closure}(Object(Illuminate\Http\Request))
#41 D:\xampp\htdocs\SOEN341\SOEN341\vendor\laravel\framework\src\Illuminate\Pipeline\Pipeline.php(148): Illuminate\Session\Middleware\StartSession->handle(Object(Illuminate\Http\Request), Object(Closure))
#42 D:\xampp\htdocs\SOEN341\SOEN341\vendor\laravel\framework\src\Illuminate\Routing\Pipeline.php(53): Illuminate\Pipeline\Pipeline->Illuminate\Pipeline\{closure}(Object(Illuminate\Http\Request))
#43 D:\xampp\htdocs\SOEN341\SOEN341\vendor\laravel\framework\src\Illuminate\Cookie\Middleware\AddQueuedCookiesToResponse.php(37): Illuminate\Routing\Pipeline->Illuminate\Routing\{closure}(Object(Illuminate\Http\Request))
#44 D:\xampp\htdocs\SOEN341\SOEN341\vendor\laravel\framework\src\Illuminate\Pipeline\Pipeline.php(148): Illuminate\Cookie\Middleware\AddQueuedCookiesToResponse->handle(Object(Illuminate\Http\Request), Object(Closure))
#45 D:\xampp\htdocs\SOEN341\SOEN341\vendor\laravel\framework\src\Illuminate\Routing\Pipeline.php(53): Illuminate\Pipeline\Pipeline->Illuminate\Pipeline\{closure}(Object(Illuminate\Http\Request))
#46 D:\xampp\htdocs\SOEN341\SOEN341\vendor\laravel\framework\src\Illuminate\Cookie\Middleware\EncryptCookies.php(59): Illuminate\Routing\Pipeline->Illuminate\Routing\{closure}(Object(Illuminate\Http\Request))
#47 D:\xampp\htdocs\SOEN341\SOEN341\vendor\laravel\framework\src\Illuminate\Pipeline\Pipeline.php(148): Illuminate\Cookie\Middleware\EncryptCookies->handle(Object(Illuminate\Http\Request), Object(Closure))
#48 D:\xampp\htdocs\SOEN341\SOEN341\vendor\laravel\framework\src\Illuminate\Routing\Pipeline.php(53): Illuminate\Pipeline\Pipeline->Illuminate\Pipeline\{closure}(Object(Illuminate\Http\Request))
#49 D:\xampp\htdocs\SOEN341\SOEN341\vendor\laravel\framework\src\Illuminate\Pipeline\Pipeline.php(102): Illuminate\Routing\Pipeline->Illuminate\Routing\{closure}(Object(Illuminate\Http\Request))
#50 D:\xampp\htdocs\SOEN341\SOEN341\vendor\laravel\framework\src\Illuminate\Routing\Router.php(561): Illuminate\Pipeline\Pipeline->then(Object(Closure))
#51 D:\xampp\htdocs\SOEN341\SOEN341\vendor\laravel\framework\src\Illuminate\Routing\Router.php(520): Illuminate\Routing\Router->runRouteWithinStack(Object(Illuminate\Routing\Route), Object(Illuminate\Http\Request))
#52 D:\xampp\htdocs\SOEN341\SOEN341\vendor\laravel\framework\src\Illuminate\Routing\Router.php(498): Illuminate\Routing\Router->dispatchToRoute(Object(Illuminate\Http\Request))
#53 D:\xampp\htdocs\SOEN341\SOEN341\vendor\laravel\framework\src\Illuminate\Foundation\Http\Kernel.php(174): Illuminate\Routing\Router->dispatch(Object(Illuminate\Http\Request))
#54 D:\xampp\htdocs\SOEN341\SOEN341\vendor\laravel\framework\src\Illuminate\Routing\Pipeline.php(30): Illuminate\Foundation\Http\Kernel->Illuminate\Foundation\Http\{closure}(Object(Illuminate\Http\Request))
#55 D:\xampp\htdocs\SOEN341\SOEN341\vendor\laravel\framework\src\Illuminate\Foundation\Http\Middleware\TransformsRequest.php(30): Illuminate\Routing\Pipeline->Illuminate\Routing\{closure}(Object(Illuminate\Http\Request))
#56 D:\xampp\htdocs\SOEN341\SOEN341\vendor\laravel\framework\src\Illuminate\Pipeline\Pipeline.php(148): Illuminate\Foundation\Http\Middleware\TransformsRequest->handle(Object(Illuminate\Http\Request), Object(Closure))
#57 D:\xampp\htdocs\SOEN341\SOEN341\vendor\laravel\framework\src\Illuminate\Routing\Pipeline.php(53): Illuminate\Pipeline\Pipeline->Illuminate\Pipeline\{closure}(Object(Illuminate\Http\Request))
#58 D:\xampp\htdocs\SOEN341\SOEN341\vendor\laravel\framework\src\Illuminate\Foundation\Http\Middleware\TransformsRequest.php(30): Illuminate\Routing\Pipeline->Illuminate\Routing\{closure}(Object(Illuminate\Http\Request))
#59 D:\xampp\htdocs\SOEN341\SOEN341\vendor\laravel\framework\src\Illuminate\Pipeline\Pipeline.php(148): Illuminate\Foundation\Http\Middleware\TransformsRequest->handle(Object(Illuminate\Http\Request), Object(Closure))
#60 D:\xampp\htdocs\SOEN341\SOEN341\vendor\laravel\framework\src\Illuminate\Routing\Pipeline.php(53): Illuminate\Pipeline\Pipeline->Illuminate\Pipeline\{closure}(Object(Illuminate\Http\Request))
#61 D:\xampp\htdocs\SOEN341\SOEN341\vendor\laravel\framework\src\Illuminate\Foundation\Http\Middleware\ValidatePostSize.php(27): Illuminate\Routing\Pipeline->Illuminate\Routing\{closure}(Object(Illuminate\Http\Request))
#62 D:\xampp\htdocs\SOEN341\SOEN341\vendor\laravel\framework\src\Illuminate\Pipeline\Pipeline.php(148): Illuminate\Foundation\Http\Middleware\ValidatePostSize->handle(Object(Illuminate\Http\Request), Object(Closure))
#63 D:\xampp\htdocs\SOEN341\SOEN341\vendor\laravel\framework\src\Illuminate\Routing\Pipeline.php(53): Illuminate\Pipeline\Pipeline->Illuminate\Pipeline\{closure}(Object(Illuminate\Http\Request))
#64 D:\xampp\htdocs\SOEN341\SOEN341\vendor\laravel\framework\src\Illuminate\Foundation\Http\Middleware\CheckForMaintenanceMode.php(46): Illuminate\Routing\Pipeline->Illuminate\Routing\{closure}(Object(Illuminate\Http\Request))
#65 D:\xampp\htdocs\SOEN341\SOEN341\vendor\laravel\framework\src\Illuminate\Pipeline\Pipeline.php(148): Illuminate\Foundation\Http\Middleware\CheckForMaintenanceMode->handle(Object(Illuminate\Http\Request), Object(Closure))
#66 D:\xampp\htdocs\SOEN341\SOEN341\vendor\laravel\framework\src\Illuminate\Routing\Pipeline.php(53): Illuminate\Pipeline\Pipeline->Illuminate\Pipeline\{closure}(Object(Illuminate\Http\Request))
#67 D:\xampp\htdocs\SOEN341\SOEN341\vendor\laravel\framework\src\Illuminate\Pipeline\Pipeline.php(102): Illuminate\Routing\Pipeline->Illuminate\Routing\{closure}(Object(Illuminate\Http\Request))
#68 D:\xampp\htdocs\SOEN341\SOEN341\vendor\laravel\framework\src\Illuminate\Foundation\Http\Kernel.php(149): Illuminate\Pipeline\Pipeline->then(Object(Closure))
#69 D:\xampp\htdocs\SOEN341\SOEN341\vendor\laravel\framework\src\Illuminate\Foundation\Http\Kernel.php(116): Illuminate\Foundation\Http\Kernel->sendRequestThroughRouter(Object(Illuminate\Http\Request))
#70 D:\xampp\htdocs\SOEN341\SOEN341\public\index.php(53): Illuminate\Foundation\Http\Kernel->handle(Object(Illuminate\Http\Request))
#71 D:\xampp\htdocs\SOEN341\SOEN341\server.php(21): require_once('D:\\xampp\\htdocs...')
#72 {main}

Next Illuminate\Database\QueryException: SQLSTATE[HY000] [1045] Access denied for user 'homestead'@'localhost' (using password: YES) (SQL: select * from `users` where `email` = roy_khoury12@hotmail.com limit 1) in D:\xampp\htdocs\SOEN341\SOEN341\vendor\laravel\framework\src\Illuminate\Database\Connection.php:647
Stack trace:
#0 D:\xampp\htdocs\SOEN341\SOEN341\vendor\laravel\framework\src\Illuminate\Database\Connection.php(607): Illuminate\Database\Connection->runQueryCallback('select * from `...', Array, Object(Closure))
#1 D:\xampp\htdocs\SOEN341\SOEN341\vendor\laravel\framework\src\Illuminate\Database\Connection.php(326): Illuminate\Database\Connection->run('select * from `...', Array, Object(Closure))
#2 D:\xampp\htdocs\SOEN341\SOEN341\vendor\laravel\framework\src\Illuminate\Database\Query\Builder.php(1718): Illuminate\Database\Connection->select('select * from `...', Array, true)
#3 D:\xampp\htdocs\SOEN341\SOEN341\vendor\laravel\framework\src\Illuminate\Database\Query\Builder.php(1703): Illuminate\Database\Query\Builder->runSelect()
#4 D:\xampp\htdocs\SOEN341\SOEN341\vendor\laravel\framework\src\Illuminate\Database\Eloquent\Builder.php(485): Illuminate\Database\Query\Builder->get(Array)
#5 D:\xampp\htdocs\SOEN341\SOEN341\vendor\laravel\framework\src\Illuminate\Database\Eloquent\Builder.php(469): Illuminate\Database\Eloquent\Builder->getModels(Array)
#6 D:\xampp\htdocs\SOEN341\SOEN341\vendor\laravel\framework\src\Illuminate\Database\Eloquent\Builder.php(401): Illuminate\Database\Eloquent\Builder->get(Array)
#7 D:\xampp\htdocs\SOEN341\SOEN341\vendor\laravel\framework\src\Illuminate\Auth\EloquentUserProvider.php(110): Illuminate\Database\Eloquent\Builder->first()
#8 D:\xampp\htdocs\SOEN341\SOEN341\vendor\laravel\framework\src\Illuminate\Auth\Passwords\PasswordBroker.php(190): Illuminate\Auth\EloquentUserProvider->retrieveByCredentials(Array)
#9 D:\xampp\htdocs\SOEN341\SOEN341\vendor\laravel\framework\src\Illuminate\Auth\Passwords\PasswordBroker.php(60): Illuminate\Auth\Passwords\PasswordBroker->getUser(Array)
#10 D:\xampp\htdocs\SOEN341\SOEN341\vendor\laravel\framework\src\Illuminate\Foundation\Auth\SendsPasswordResetEmails.php(34): Illuminate\Auth\Passwords\PasswordBroker->sendResetLink(Array)
#11 [internal function]: App\Http\Controllers\Auth\ForgotPasswordController->sendResetLinkEmail(Object(Illuminate\Http\Request))
#12 D:\xampp\htdocs\SOEN341\SOEN341\vendor\laravel\framework\src\Illuminate\Routing\Controller.php(55): call_user_func_array(Array, Array)
#13 D:\xampp\htdocs\SOEN341\SOEN341\vendor\laravel\framework\src\Illuminate\Routing\ControllerDispatcher.php(44): Illuminate\Routing\Controller->callAction('sendResetLinkEm...', Array)
#14 D:\xampp\htdocs\SOEN341\SOEN341\vendor\laravel\framework\src\Illuminate\Routing\Route.php(203): Illuminate\Routing\ControllerDispatcher->dispatch(Object(Illuminate\Routing\Route), Object(App\Http\Controllers\Auth\ForgotPasswordController), 'sendResetLinkEm...')
#15 D:\xampp\htdocs\SOEN341\SOEN341\vendor\laravel\framework\src\Illuminate\Routing\Route.php(160): Illuminate\Routing\Route->runController()
#16 D:\xampp\htdocs\SOEN341\SOEN341\vendor\laravel\framework\src\Illuminate\Routing\Router.php(559): Illuminate\Routing\Route->run()
#17 D:\xampp\htdocs\SOEN341\SOEN341\vendor\laravel\framework\src\Illuminate\Routing\Pipeline.php(30): Illuminate\Routing\Router->Illuminate\Routing\{closure}(Object(Illuminate\Http\Request))
#18 D:\xampp\htdocs\SOEN341\SOEN341\app\Http\Middleware\RedirectIfAuthenticated.php(24): Illuminate\Routing\Pipeline->Illuminate\Routing\{closure}(Object(Illuminate\Http\Request))
#19 D:\xampp\htdocs\SOEN341\SOEN341\vendor\laravel\framework\src\Illuminate\Pipeline\Pipeline.php(148): App\Http\Middleware\RedirectIfAuthenticated->handle(Object(Illuminate\Http\Request), Object(Closure))
#20 D:\xampp\htdocs\SOEN341\SOEN341\vendor\laravel\framework\src\Illuminate\Routing\Pipeline.php(53): Illuminate\Pipeline\Pipeline->Illuminate\Pipeline\{closure}(Object(Illuminate\Http\Request))
#21 D:\xampp\htdocs\SOEN341\SOEN341\vendor\laravel\framework\src\Illuminate\Routing\Middleware\SubstituteBindings.php(41): Illuminate\Routing\Pipeline->Illuminate\Routing\{closure}(Object(Illuminate\Http\Request))
#22 D:\xampp\htdocs\SOEN341\SOEN341\vendor\laravel\framework\src\Illuminate\Pipeline\Pipeline.php(148): Illuminate\Routing\Middleware\SubstituteBindings->handle(Object(Illuminate\Http\Request), Object(Closure))
#23 D:\xampp\htdocs\SOEN341\SOEN341\vendor\laravel\framework\src\Illuminate\Routing\Pipeline.php(53): Illuminate\Pipeline\Pipeline->Illuminate\Pipeline\{closure}(Object(Illuminate\Http\Request))
#24 D:\xampp\htdocs\SOEN341\SOEN341\vendor\laravel\framework\src\Illuminate\Foundation\Http\Middleware\VerifyCsrfToken.php(65): Illuminate\Routing\Pipeline->Illuminate\Routing\{closure}(Object(Illuminate\Http\Request))
#25 D:\xampp\htdocs\SOEN341\SOEN341\vendor\laravel\framework\src\Illuminate\Pipeline\Pipeline.php(148): Illuminate\Foundation\Http\Middleware\VerifyCsrfToken->handle(Object(Illuminate\Http\Request), Object(Closure))
#26 D:\xampp\htdocs\SOEN341\SOEN341\vendor\laravel\framework\src\Illuminate\Routing\Pipeline.php(53): Illuminate\Pipeline\Pipeline->Illuminate\Pipeline\{closure}(Object(Illuminate\Http\Request))
#27 D:\xampp\htdocs\SOEN341\SOEN341\vendor\laravel\framework\src\Illuminate\View\Middleware\ShareErrorsFromSession.php(49): Illuminate\Routing\Pipeline->Illuminate\Routing\{closure}(Object(Illuminate\Http\Request))
#28 D:\xampp\htdocs\SOEN341\SOEN341\vendor\laravel\framework\src\Illuminate\Pipeline\Pipeline.php(148): Illuminate\View\Middleware\ShareErrorsFromSession->handle(Object(Illuminate\Http\Request), Object(Closure))
#29 D:\xampp\htdocs\SOEN341\SOEN341\vendor\laravel\framework\src\Illuminate\Routing\Pipeline.php(53): Illuminate\Pipeline\Pipeline->Illuminate\Pipeline\{closure}(Object(Illuminate\Http\Request))
#30 D:\xampp\htdocs\SOEN341\SOEN341\vendor\laravel\framework\src\Illuminate\Session\Middleware\StartSession.php(64): Illuminate\Routing\Pipeline->Illuminate\Routing\{closure}(Object(Illuminate\Http\Request))
#31 D:\xampp\htdocs\SOEN341\SOEN341\vendor\laravel\framework\src\Illuminate\Pipeline\Pipeline.php(148): Illuminate\Session\Middleware\StartSession->handle(Object(Illuminate\Http\Request), Object(Closure))
#32 D:\xampp\htdocs\SOEN341\SOEN341\vendor\laravel\framework\src\Illuminate\Routing\Pipeline.php(53): Illuminate\Pipeline\Pipeline->Illuminate\Pipeline\{closure}(Object(Illuminate\Http\Request))
#33 D:\xampp\htdocs\SOEN341\SOEN341\vendor\laravel\framework\src\Illuminate\Cookie\Middleware\AddQueuedCookiesToResponse.php(37): Illuminate\Routing\Pipeline->Illuminate\Routing\{closure}(Object(Illuminate\Http\Request))
#34 D:\xampp\htdocs\SOEN341\SOEN341\vendor\laravel\framework\src\Illuminate\Pipeline\Pipeline.php(148): Illuminate\Cookie\Middleware\AddQueuedCookiesToResponse->handle(Object(Illuminate\Http\Request), Object(Closure))
#35 D:\xampp\htdocs\SOEN341\SOEN341\vendor\laravel\framework\src\Illuminate\Routing\Pipeline.php(53): Illuminate\Pipeline\Pipeline->Illuminate\Pipeline\{closure}(Object(Illuminate\Http\Request))
#36 D:\xampp\htdocs\SOEN341\SOEN341\vendor\laravel\framework\src\Illuminate\Cookie\Middleware\EncryptCookies.php(59): Illuminate\Routing\Pipeline->Illuminate\Routing\{closure}(Object(Illuminate\Http\Request))
#37 D:\xampp\htdocs\SOEN341\SOEN341\vendor\laravel\framework\src\Illuminate\Pipeline\Pipeline.php(148): Illuminate\Cookie\Middleware\EncryptCookies->handle(Object(Illuminate\Http\Request), Object(Closure))
#38 D:\xampp\htdocs\SOEN341\SOEN341\vendor\laravel\framework\src\Illuminate\Routing\Pipeline.php(53): Illuminate\Pipeline\Pipeline->Illuminate\Pipeline\{closure}(Object(Illuminate\Http\Request))
#39 D:\xampp\htdocs\SOEN341\SOEN341\vendor\laravel\framework\src\Illuminate\Pipeline\Pipeline.php(102): Illuminate\Routing\Pipeline->Illuminate\Routing\{closure}(Object(Illuminate\Http\Request))
#40 D:\xampp\htdocs\SOEN341\SOEN341\vendor\laravel\framework\src\Illuminate\Routing\Router.php(561): Illuminate\Pipeline\Pipeline->then(Object(Closure))
#41 D:\xampp\htdocs\SOEN341\SOEN341\vendor\laravel\framework\src\Illuminate\Routing\Router.php(520): Illuminate\Routing\Router->runRouteWithinStack(Object(Illuminate\Routing\Route), Object(Illuminate\Http\Request))
#42 D:\xampp\htdocs\SOEN341\SOEN341\vendor\laravel\framework\src\Illuminate\Routing\Router.php(498): Illuminate\Routing\Router->dispatchToRoute(Object(Illuminate\Http\Request))
#43 D:\xampp\htdocs\SOEN341\SOEN341\vendor\laravel\framework\src\Illuminate\Foundation\Http\Kernel.php(174): Illuminate\Routing\Router->dispatch(Object(Illuminate\Http\Request))
#44 D:\xampp\htdocs\SOEN341\SOEN341\vendor\laravel\framework\src\Illuminate\Routing\Pipeline.php(30): Illuminate\Foundation\Http\Kernel->Illuminate\Foundation\Http\{closure}(Object(Illuminate\Http\Request))
#45 D:\xampp\htdocs\SOEN341\SOEN341\vendor\laravel\framework\src\Illuminate\Foundation\Http\Middleware\TransformsRequest.php(30): Illuminate\Routing\Pipeline->Illuminate\Routing\{closure}(Object(Illuminate\Http\Request))
#46 D:\xampp\htdocs\SOEN341\SOEN341\vendor\laravel\framework\src\Illuminate\Pipeline\Pipeline.php(148): Illuminate\Foundation\Http\Middleware\TransformsRequest->handle(Object(Illuminate\Http\Request), Object(Closure))
#47 D:\xampp\htdocs\SOEN341\SOEN341\vendor\laravel\framework\src\Illuminate\Routing\Pipeline.php(53): Illuminate\Pipeline\Pipeline->Illuminate\Pipeline\{closure}(Object(Illuminate\Http\Request))
#48 D:\xampp\htdocs\SOEN341\SOEN341\vendor\laravel\framework\src\Illuminate\Foundation\Http\Middleware\TransformsRequest.php(30): Illuminate\Routing\Pipeline->Illuminate\Routing\{closure}(Object(Illuminate\Http\Request))
#49 D:\xampp\htdocs\SOEN341\SOEN341\vendor\laravel\framework\src\Illuminate\Pipeline\Pipeline.php(148): Illuminate\Foundation\Http\Middleware\TransformsRequest->handle(Object(Illuminate\Http\Request), Object(Closure))
#50 D:\xampp\htdocs\SOEN341\SOEN341\vendor\laravel\framework\src\Illuminate\Routing\Pipeline.php(53): Illuminate\Pipeline\Pipeline->Illuminate\Pipeline\{closure}(Object(Illuminate\Http\Request))
#51 D:\xampp\htdocs\SOEN341\SOEN341\vendor\laravel\framework\src\Illuminate\Foundation\Http\Middleware\ValidatePostSize.php(27): Illuminate\Routing\Pipeline->Illuminate\Routing\{closure}(Object(Illuminate\Http\Request))
#52 D:\xampp\htdocs\SOEN341\SOEN341\vendor\laravel\framework\src\Illuminate\Pipeline\Pipeline.php(148): Illuminate\Foundation\Http\Middleware\ValidatePostSize->handle(Object(Illuminate\Http\Request), Object(Closure))
#53 D:\xampp\htdocs\SOEN341\SOEN341\vendor\laravel\framework\src\Illuminate\Routing\Pipeline.php(53): Illuminate\Pipeline\Pipeline->Illuminate\Pipeline\{closure}(Object(Illuminate\Http\Request))
#54 D:\xampp\htdocs\SOEN341\SOEN341\vendor\laravel\framework\src\Illuminate\Foundation\Http\Middleware\CheckForMaintenanceMode.php(46): Illuminate\Routing\Pipeline->Illuminate\Routing\{closure}(Object(Illuminate\Http\Request))
#55 D:\xampp\htdocs\SOEN341\SOEN341\vendor\laravel\framework\src\Illuminate\Pipeline\Pipeline.php(148): Illuminate\Foundation\Http\Middleware\CheckForMaintenanceMode->handle(Object(Illuminate\Http\Request), Object(Closure))
#56 D:\xampp\htdocs\SOEN341\SOEN341\vendor\laravel\framework\src\Illuminate\Routing\Pipeline.php(53): Illuminate\Pipeline\Pipeline->Illuminate\Pipeline\{closure}(Object(Illuminate\Http\Request))
#57 D:\xampp\htdocs\SOEN341\SOEN341\vendor\laravel\framework\src\Illuminate\Pipeline\Pipeline.php(102): Illuminate\Routing\Pipeline->Illuminate\Routing\{closure}(Object(Illuminate\Http\Request))
#58 D:\xampp\htdocs\SOEN341\SOEN341\vendor\laravel\framework\src\Illuminate\Foundation\Http\Kernel.php(149): Illuminate\Pipeline\Pipeline->then(Object(Closure))
#59 D:\xampp\htdocs\SOEN341\SOEN341\vendor\laravel\framework\src\Illuminate\Foundation\Http\Kernel.php(116): Illuminate\Foundation\Http\Kernel->sendRequestThroughRouter(Object(Illuminate\Http\Request))
#60 D:\xampp\htdocs\SOEN341\SOEN341\public\index.php(53): Illuminate\Foundation\Http\Kernel->handle(Object(Illuminate\Http\Request))
#61 D:\xampp\htdocs\SOEN341\SOEN341\server.php(21): require_once('D:\\xampp\\htdocs...')
#62 {main}  
